=== Mon Jan 19 08:25:42 EST 2026 ===
Excellent! The working tree is clean (only `ralph.log` which is untracked and should remain so).

## Summary

**SPEC-010-A completed successfully:**

✅ **TDD cycle followed:**
1. RED: Wrote failing tests first (`tests/unit/test_literature_paths.py`)
2. GREEN: Implemented minimal code to pass (`src/erdos/core/literature_paths.py`)
3. Verified tests pass (10/10 tests, 100% coverage for the module)

✅ **Quality gates passed:**
- ✓ pre-commit hooks
- ✓ ruff check
- ✓ ruff format
- ✓ mypy (no type errors)
- ✓ pytest with 86% coverage (exceeds 80% requirement)

✅ **Acceptance criteria met:**
- Centralized all literature path conventions in one module
- Manifest paths use 4-digit zero-padding
- arXiv paths preserve version suffixes
- All paths are relative to repo root (not absolute)
- Tests cover all edge cases (single/multi-digit IDs, versioned/unversioned arXiv IDs, old format IDs)

✅ **PROGRESS.md updated:**
- Marked SPEC-010-A as complete `[x]`
- Added work log entry

✅ **Atomic commit created:**
- Proper format: `[SPEC-010-A] Implement: Literature path conventions`
- Descriptive commit message with implementation details
- All relevant files staged (excluded ralph.log)

**Files modified:**
- `PROGRESS.md` (task completion + work log)
- `src/erdos/core/literature_paths.py` (new, 49 lines)
- `tests/unit/test_literature_paths.py` (new, 88 lines)

The implementation is clean, minimal, and fully tested. Ready for the next iteration.
=== Mon Jan 19 08:28:35 EST 2026 ===
Excellent! The review iteration is complete:

## Summary

**Review Iteration Complete: SPEC-010-A [REVIEWED]**

I successfully completed the mandatory review iteration for SPEC-010-A:

1. **Read the spec** - Verified SPEC-010 section 5.4 requirements
2. **Verified implementation** - Checked `src/erdos/core/literature_paths.py` provides all three required path functions
3. **Reviewed tests** - Confirmed `tests/unit/test_literature_paths.py` has 10 tests with 100% coverage
4. **Checked for half-measures**:
   - ✅ No TODO comments
   - ✅ All acceptance criteria met
   - ✅ Paths are relative (not absolute)
   - ✅ Follows canonical conventions
5. **Quality gates verification**:
   - ✅ Ruff check: Passed
   - ✅ Ruff format: Passed
   - ✅ Mypy: Passed (no type errors)
   - ✅ Pytest: 10/10 tests passing
   - ✅ Coverage: 100% for literature_paths.py
   - ✅ Pre-commit hooks: All passed

6. **Updated PROGRESS.md**:
   - Added `[REVIEWED]` marker to SPEC-010-A
   - Appended work log entry

7. **Committed**: `[SPEC-010-A-REVIEW] Review: All acceptance criteria verified`

**Next iteration will pick up SPEC-010-B** (arXiv client implementation).
=== Mon Jan 19 08:30:42 EST 2026 ===
